<?xml version="1.0" encoding="UTF-8"?>
<testng-results ignored="0" total="1" passed="1" failed="0" skipped="0">
  <reporter-output>
  </reporter-output>
  <suite started-at="2022-03-23T15:44:51 EDT" name="Default suite" finished-at="2022-03-23T15:44:55 EDT" duration-ms="4054">
    <groups>
    </groups>
    <test started-at="2022-03-23T15:44:51 EDT" name="Default test" finished-at="2022-03-23T15:44:55 EDT" duration-ms="4054">
      <class name="seleniumProject01CreateUserAccount01.UserAccount">
        <test-method signature="CreateUser()[pri:0, instance:seleniumProject01CreateUserAccount01.UserAccount@4dbb42b7]" started-at="2022-03-23T15:44:51 EDT" name="CreateUser" finished-at="2022-03-23T15:44:55 EDT" duration-ms="3990" status="PASS">
          <reporter-output>
          </reporter-output>
        </test-method> <!-- CreateUser -->
      </class> <!-- seleniumProject01CreateUserAccount01.UserAccount -->
    </test> <!-- Default test -->
  </suite> <!-- Default suite -->
</testng-results>
